\BOOKMARK [0][-]{chapter.1}{Descrierea problemei}{}% 1
\BOOKMARK [0][-]{chapter.2}{Abordari existente}{}% 2
\BOOKMARK [0][-]{chapter.3}{Arhitectura aplicatiei}{}% 3
\BOOKMARK [1][-]{section.3.1}{Introducere}{chapter.3}% 4
\BOOKMARK [1][-]{section.3.2}{Wireframe}{chapter.3}% 5
\BOOKMARK [1][-]{section.3.3}{Pagina principala}{chapter.3}% 6
\BOOKMARK [1][-]{section.3.4}{Cont nou VOLUNTAR}{chapter.3}% 7
\BOOKMARK [1][-]{section.3.5}{Cont nou ORGANIZATIE}{chapter.3}% 8
\BOOKMARK [1][-]{section.3.6}{Contul meu}{chapter.3}% 9
\BOOKMARK [1][-]{section.3.7}{Harta}{chapter.3}% 10
\BOOKMARK [1][-]{section.3.8}{Actiune noua}{chapter.3}% 11
\BOOKMARK [1][-]{section.3.9}{Voluntari}{chapter.3}% 12
\BOOKMARK [1][-]{section.3.10}{Organizatii}{chapter.3}% 13
\BOOKMARK [0][-]{chapter.4}{Functionalitatea aplicatiei}{}% 14
\BOOKMARK [1][-]{section.4.1}{Modelare functionalitate}{chapter.4}% 15
\BOOKMARK [1][-]{section.4.2}{Modelarea comportamentului aplicatiei \356n context}{chapter.4}% 16
\BOOKMARK [1][-]{section.4.3}{\316nregistrarea}{chapter.4}% 17
\BOOKMARK [1][-]{section.4.4}{Autentificarea}{chapter.4}% 18
\BOOKMARK [1][-]{section.4.5}{Actualizarea datelor personale}{chapter.4}% 19
\BOOKMARK [0][-]{chapter.5}{Baza de date}{}% 20
\BOOKMARK [0][-]{chapter.6}{Concluzii si directii viitoare de dezvoltare}{}% 21
\BOOKMARK [1][-]{section.6.1}{Concluzii}{chapter.6}% 22
\BOOKMARK [1][-]{section.6.2}{Directii viitoare}{chapter.6}% 23
